{
  "stats": {
    "suites": 22,
    "tests": 63,
    "passes": 62,
    "pending": 0,
    "failures": 1,
    "start": "2021-09-23T12:20:32.086Z",
    "end": "2021-09-23T12:21:02.472Z",
    "duration": 30386,
    "testsRegistered": 69,
    "passPercent": 89.85507246376811,
    "pendingPercent": 0,
    "other": 0,
    "hasOther": false,
    "skipped": 6,
    "hasSkipped": true
  },
  "results": [
    {
      "uuid": "00fd3757-4c6a-4341-a9d5-22671b8aac27",
      "title": "",
      "fullFile": "cypress/integration/project.spec.js",
      "file": "cypress/integration/project.spec.js",
      "beforeHooks": [],
      "afterHooks": [],
      "tests": [],
      "suites": [
        {
          "uuid": "6251376e-9a48-428c-a3ee-1eb49c4baeaa",
          "title": "Trybewarts",
          "fullFile": "",
          "file": "",
          "beforeHooks": [],
          "afterHooks": [],
          "tests": [],
          "suites": [
            {
              "uuid": "3e19dc94-03af-45c0-ad05-84cc7c362be8",
              "title": "1 - Crie uma barra verde na parte superior da página",
              "fullFile": "",
              "file": "",
              "beforeHooks": [],
              "afterHooks": [],
              "tests": [
                {
                  "title": "A barra possui a classe `header`",
                  "fullTitle": "Trybewarts 1 - Crie uma barra verde na parte superior da página A barra possui a classe `header`",
                  "timedOut": null,
                  "duration": 652,
                  "state": "passed",
                  "speed": "slow",
                  "pass": true,
                  "fail": false,
                  "pending": false,
                  "context": null,
                  "code": "cy.get(TOP_BAR_SELECTOR).should('exist');",
                  "err": {},
                  "uuid": "36aee74d-4521-4305-af18-47a2ca7823f4",
                  "parentUUID": "3e19dc94-03af-45c0-ad05-84cc7c362be8",
                  "isHook": false,
                  "skipped": false
                },
                {
                  "title": "A classe `header` deve determinar que o elemento é um flex container",
                  "fullTitle": "Trybewarts 1 - Crie uma barra verde na parte superior da página A classe `header` deve determinar que o elemento é um flex container",
                  "timedOut": null,
                  "duration": 125,
                  "state": "passed",
                  "speed": "slow",
                  "pass": true,
                  "fail": false,
                  "pending": false,
                  "context": null,
                  "code": "cy.get(TOP_BAR_SELECTOR).should('have.css', 'display', 'flex');",
                  "err": {},
                  "uuid": "34f65e22-b6b0-4379-bfc3-dc594e0bde26",
                  "parentUUID": "3e19dc94-03af-45c0-ad05-84cc7c362be8",
                  "isHook": false,
                  "skipped": false
                },
                {
                  "title": "A classe header deve possuir a propriedade `background-color: rgb(50, 167, 145)`",
                  "fullTitle": "Trybewarts 1 - Crie uma barra verde na parte superior da página A classe header deve possuir a propriedade `background-color: rgb(50, 167, 145)`",
                  "timedOut": null,
                  "duration": 97,
                  "state": "passed",
                  "speed": "slow",
                  "pass": true,
                  "fail": false,
                  "pending": false,
                  "context": null,
                  "code": "cy.get(TOP_BAR_SELECTOR).should('have.css', 'background-color', 'rgb(50, 167, 145)');",
                  "err": {},
                  "uuid": "673c0f99-77c3-44ee-bc52-76167a0f59e1",
                  "parentUUID": "3e19dc94-03af-45c0-ad05-84cc7c362be8",
                  "isHook": false,
                  "skipped": false
                }
              ],
              "suites": [],
              "passes": [
                "36aee74d-4521-4305-af18-47a2ca7823f4",
                "34f65e22-b6b0-4379-bfc3-dc594e0bde26",
                "673c0f99-77c3-44ee-bc52-76167a0f59e1"
              ],
              "failures": [],
              "pending": [],
              "skipped": [],
              "duration": 874,
              "root": false,
              "rootEmpty": false,
              "_timeout": 2000
            },
            {
              "uuid": "fa17f3fa-b04b-4cd2-ad3b-25e666e0d679",
              "title": "2 - Adicione o logotipo da Trybewarts com a classe `trybewarts-header-logo` na barra superior",
              "fullFile": "",
              "file": "",
              "beforeHooks": [],
              "afterHooks": [],
              "tests": [
                {
                  "title": "Existe um elemento img com a classe `trybewarts-header-logo`",
                  "fullTitle": "Trybewarts 2 - Adicione o logotipo da Trybewarts com a classe `trybewarts-header-logo` na barra superior Existe um elemento img com a classe `trybewarts-header-logo`",
                  "timedOut": null,
                  "duration": 115,
                  "state": "passed",
                  "speed": "slow",
                  "pass": true,
                  "fail": false,
                  "pending": false,
                  "context": null,
                  "code": "cy.get(TRYBEWARTS_LOGO_SELECTOR).should('exist');",
                  "err": {},
                  "uuid": "24a6a270-7fba-412f-9a6c-c40c1392c68b",
                  "parentUUID": "fa17f3fa-b04b-4cd2-ad3b-25e666e0d679",
                  "isHook": false,
                  "skipped": false
                },
                {
                  "title": "O atributo src do logotipo aponta para images/trybewarts-header-logo.svg",
                  "fullTitle": "Trybewarts 2 - Adicione o logotipo da Trybewarts com a classe `trybewarts-header-logo` na barra superior O atributo src do logotipo aponta para images/trybewarts-header-logo.svg",
                  "timedOut": null,
                  "duration": 124,
                  "state": "passed",
                  "speed": "slow",
                  "pass": true,
                  "fail": false,
                  "pending": false,
                  "context": null,
                  "code": "cy.get(TRYBEWARTS_LOGO_SELECTOR).should('have.attr', 'src').and('match', /images\\/trybewarts-header-logo\\.svg/);",
                  "err": {},
                  "uuid": "c78c48e3-8629-4ccd-9fd9-b38be67c69b9",
                  "parentUUID": "fa17f3fa-b04b-4cd2-ad3b-25e666e0d679",
                  "isHook": false,
                  "skipped": false
                }
              ],
              "suites": [],
              "passes": [
                "24a6a270-7fba-412f-9a6c-c40c1392c68b",
                "c78c48e3-8629-4ccd-9fd9-b38be67c69b9"
              ],
              "failures": [],
              "pending": [],
              "skipped": [],
              "duration": 239,
              "root": false,
              "rootEmpty": false,
              "_timeout": 2000
            },
            {
              "uuid": "0dd4c7dd-0d87-4080-93eb-c1e633ea6ea2",
              "title": "3 - Acrescente um formulário de login no canto direito da barra superior contendo os inputs de email, senha e um botão de login",
              "fullFile": "",
              "file": "",
              "beforeHooks": [],
              "afterHooks": [],
              "tests": [
                {
                  "title": "Existe um formulário com a classe \"trybewarts-login\"",
                  "fullTitle": "Trybewarts 3 - Acrescente um formulário de login no canto direito da barra superior contendo os inputs de email, senha e um botão de login Existe um formulário com a classe \"trybewarts-login\"",
                  "timedOut": null,
                  "duration": 171,
                  "state": "passed",
                  "speed": "slow",
                  "pass": true,
                  "fail": false,
                  "pending": false,
                  "context": null,
                  "code": "cy.get(TRYBEWARTS_LOGIN_FORM_SELECTOR).should('exist');",
                  "err": {},
                  "uuid": "8b8eb7ba-9c16-4312-956a-005acfc99759",
                  "parentUUID": "0dd4c7dd-0d87-4080-93eb-c1e633ea6ea2",
                  "isHook": false,
                  "skipped": false
                },
                {
                  "title": "Existe um input com o atributo name igual a \"email\" e o placeholder igual a \"Email\"",
                  "fullTitle": "Trybewarts 3 - Acrescente um formulário de login no canto direito da barra superior contendo os inputs de email, senha e um botão de login Existe um input com o atributo name igual a \"email\" e o placeholder igual a \"Email\"",
                  "timedOut": null,
                  "duration": 163,
                  "state": "passed",
                  "speed": "slow",
                  "pass": true,
                  "fail": false,
                  "pending": false,
                  "context": null,
                  "code": "cy.get(\"\".concat(TRYBEWARTS_LOGIN_FORM_SELECTOR, \" input[name=email]\")).should('have.attr', 'placeholder').and('match', /Email/);",
                  "err": {},
                  "uuid": "b899c454-45c4-434a-937c-2e54c8470314",
                  "parentUUID": "0dd4c7dd-0d87-4080-93eb-c1e633ea6ea2",
                  "isHook": false,
                  "skipped": false
                },
                {
                  "title": "Existe um input com o atributo name igual a \"password\" e o placeholder igual a \"Senha\"",
                  "fullTitle": "Trybewarts 3 - Acrescente um formulário de login no canto direito da barra superior contendo os inputs de email, senha e um botão de login Existe um input com o atributo name igual a \"password\" e o placeholder igual a \"Senha\"",
                  "timedOut": null,
                  "duration": 102,
                  "state": "passed",
                  "speed": "slow",
                  "pass": true,
                  "fail": false,
                  "pending": false,
                  "context": null,
                  "code": "cy.get(\"\".concat(TRYBEWARTS_LOGIN_FORM_SELECTOR, \" input[name=password]\")).should('have.attr', 'placeholder').and('match', /Senha/);",
                  "err": {},
                  "uuid": "aa24e9ce-5387-4f47-b793-08c531c57734",
                  "parentUUID": "0dd4c7dd-0d87-4080-93eb-c1e633ea6ea2",
                  "isHook": false,
                  "skipped": false
                },
                {
                  "title": "Existe um botão que contém o texto \"Entrar\"",
                  "fullTitle": "Trybewarts 3 - Acrescente um formulário de login no canto direito da barra superior contendo os inputs de email, senha e um botão de login Existe um botão que contém o texto \"Entrar\"",
                  "timedOut": null,
                  "duration": 99,
                  "state": "passed",
                  "speed": "slow",
                  "pass": true,
                  "fail": false,
                  "pending": false,
                  "context": null,
                  "code": "cy.get(\"\".concat(TRYBEWARTS_LOGIN_FORM_SELECTOR, \" button\")).should('have.text', 'Entrar');",
                  "err": {},
                  "uuid": "fcf0a079-8dbc-499d-8b25-b23b9c3a03e1",
                  "parentUUID": "0dd4c7dd-0d87-4080-93eb-c1e633ea6ea2",
                  "isHook": false,
                  "skipped": false
                },
                {
                  "title": "O formulário é um flex container",
                  "fullTitle": "Trybewarts 3 - Acrescente um formulário de login no canto direito da barra superior contendo os inputs de email, senha e um botão de login O formulário é um flex container",
                  "timedOut": null,
                  "duration": 93,
                  "state": "passed",
                  "speed": "slow",
                  "pass": true,
                  "fail": false,
                  "pending": false,
                  "context": null,
                  "code": "cy.get(TRYBEWARTS_LOGIN_FORM_SELECTOR).should('have.css', 'display', 'flex');",
                  "err": {},
                  "uuid": "c55fecc4-3e7a-4d6b-a204-caf7cadc55cf",
                  "parentUUID": "0dd4c7dd-0d87-4080-93eb-c1e633ea6ea2",
                  "isHook": false,
                  "skipped": false
                },
                {
                  "title": "O formulário deve estar a direita da logo",
                  "fullTitle": "Trybewarts 3 - Acrescente um formulário de login no canto direito da barra superior contendo os inputs de email, senha e um botão de login O formulário deve estar a direita da logo",
                  "timedOut": null,
                  "duration": 99,
                  "state": "passed",
                  "speed": "slow",
                  "pass": true,
                  "fail": false,
                  "pending": false,
                  "context": null,
                  "code": "cy.get(TRYBEWARTS_LOGIN_FORM_SELECTOR).should('be.rightOf', TRYBEWARTS_LOGO_SELECTOR);",
                  "err": {},
                  "uuid": "2800c710-214b-473e-ac58-fdf61e479c03",
                  "parentUUID": "0dd4c7dd-0d87-4080-93eb-c1e633ea6ea2",
                  "isHook": false,
                  "skipped": false
                },
                {
                  "title": "Ao clicar no botão com login ou senha válidos, emite um alerta contendo o texto \"Olá, Tryber!\"",
                  "fullTitle": "Trybewarts 3 - Acrescente um formulário de login no canto direito da barra superior contendo os inputs de email, senha e um botão de login Ao clicar no botão com login ou senha válidos, emite um alerta contendo o texto \"Olá, Tryber!\"",
                  "timedOut": null,
                  "duration": 769,
                  "state": "passed",
                  "speed": "slow",
                  "pass": true,
                  "fail": false,
                  "pending": false,
                  "context": null,
                  "code": "var stub = cy.stub();\ncy.on('window:alert', stub);\ncy.get(\"\".concat(TRYBEWARTS_LOGIN_FORM_SELECTOR, \" input[name=email]\")).type('tryber@teste.com');\ncy.get(\"\".concat(TRYBEWARTS_LOGIN_FORM_SELECTOR, \" input[name=password]\")).type('123456');\ncy.get(\"\".concat(TRYBEWARTS_LOGIN_FORM_SELECTOR, \" button\")).click().then(function () {\n  expect(stub.getCall(0)).to.be.calledWith('Olá, Tryber!');\n});",
                  "err": {},
                  "uuid": "eb02bc1f-63b8-4b64-9a60-e0d64bf44fee",
                  "parentUUID": "0dd4c7dd-0d87-4080-93eb-c1e633ea6ea2",
                  "isHook": false,
                  "skipped": false
                },
                {
                  "title": "Ao clicar no botão com email ou senha inválidos, emite um alerta contendo o texto \"Email ou senha inválidos.\"",
                  "fullTitle": "Trybewarts 3 - Acrescente um formulário de login no canto direito da barra superior contendo os inputs de email, senha e um botão de login Ao clicar no botão com email ou senha inválidos, emite um alerta contendo o texto \"Email ou senha inválidos.\"",
                  "timedOut": null,
                  "duration": 163,
                  "state": "passed",
                  "speed": "slow",
                  "pass": true,
                  "fail": false,
                  "pending": false,
                  "context": null,
                  "code": "var stub = cy.stub();\ncy.on('window:alert', stub);\ncy.get(\"\".concat(TRYBEWARTS_LOGIN_FORM_SELECTOR, \" button\")).click().then(function () {\n  expect(stub.getCall(0)).to.be.calledWith('Email ou senha inválidos.');\n});",
                  "err": {},
                  "uuid": "bf71892b-c208-4731-961a-3ab90e10ed16",
                  "parentUUID": "0dd4c7dd-0d87-4080-93eb-c1e633ea6ea2",
                  "isHook": false,
                  "skipped": false
                }
              ],
              "suites": [],
              "passes": [
                "8b8eb7ba-9c16-4312-956a-005acfc99759",
                "b899c454-45c4-434a-937c-2e54c8470314",
                "aa24e9ce-5387-4f47-b793-08c531c57734",
                "fcf0a079-8dbc-499d-8b25-b23b9c3a03e1",
                "c55fecc4-3e7a-4d6b-a204-caf7cadc55cf",
                "2800c710-214b-473e-ac58-fdf61e479c03",
                "eb02bc1f-63b8-4b64-9a60-e0d64bf44fee",
                "bf71892b-c208-4731-961a-3ab90e10ed16"
              ],
              "failures": [],
              "pending": [],
              "skipped": [],
              "duration": 1659,
              "root": false,
              "rootEmpty": false,
              "_timeout": 2000
            },
            {
              "uuid": "154cebe0-ccef-4348-9e2b-f6bcdeeeb31a",
              "title": "4 - Crie um título com o texto `Trybewarts` centralizado dentro do `Header`",
              "fullFile": "",
              "file": "",
              "beforeHooks": [],
              "afterHooks": [],
              "tests": [
                {
                  "title": "Existe um elemento h1 com o id \"trybewarts-header-title\" e texto \"Trybewarts",
                  "fullTitle": "Trybewarts 4 - Crie um título com o texto `Trybewarts` centralizado dentro do `Header` Existe um elemento h1 com o id \"trybewarts-header-title\" e texto \"Trybewarts",
                  "timedOut": null,
                  "duration": 87,
                  "state": "passed",
                  "speed": "slow",
                  "pass": true,
                  "fail": false,
                  "pending": false,
                  "context": null,
                  "code": "cy.get(TRYBEWARTS_HEADER_TITLE).should('exist').and('have.text', 'Trybewarts');",
                  "err": {},
                  "uuid": "dd138225-0e2d-4ae7-8747-f0bb2fd1c2a0",
                  "parentUUID": "154cebe0-ccef-4348-9e2b-f6bcdeeeb31a",
                  "isHook": false,
                  "skipped": false
                },
                {
                  "title": "O header deve ter exatamente três elementos filhos",
                  "fullTitle": "Trybewarts 4 - Crie um título com o texto `Trybewarts` centralizado dentro do `Header` O header deve ter exatamente três elementos filhos",
                  "timedOut": null,
                  "duration": 97,
                  "state": "passed",
                  "speed": "slow",
                  "pass": true,
                  "fail": false,
                  "pending": false,
                  "context": null,
                  "code": "cy.get(TOP_BAR_SELECTOR).children().should('have.length', 3);",
                  "err": {},
                  "uuid": "e2e2ce10-19dc-499c-83e8-8421fd0d0dcb",
                  "parentUUID": "154cebe0-ccef-4348-9e2b-f6bcdeeeb31a",
                  "isHook": false,
                  "skipped": false
                },
                {
                  "title": "O filho do meio deve ser o título",
                  "fullTitle": "Trybewarts 4 - Crie um título com o texto `Trybewarts` centralizado dentro do `Header` O filho do meio deve ser o título",
                  "timedOut": null,
                  "duration": 105,
                  "state": "passed",
                  "speed": "slow",
                  "pass": true,
                  "fail": false,
                  "pending": false,
                  "context": null,
                  "code": "cy.get(TOP_BAR_SELECTOR).children().eq(1).should('match', TRYBEWARTS_HEADER_TITLE);",
                  "err": {},
                  "uuid": "6e5c8bfb-7f32-4c42-9696-87e1b314d9a7",
                  "parentUUID": "154cebe0-ccef-4348-9e2b-f6bcdeeeb31a",
                  "isHook": false,
                  "skipped": false
                }
              ],
              "suites": [],
              "passes": [
                "dd138225-0e2d-4ae7-8747-f0bb2fd1c2a0",
                "e2e2ce10-19dc-499c-83e8-8421fd0d0dcb",
                "6e5c8bfb-7f32-4c42-9696-87e1b314d9a7"
              ],
              "failures": [],
              "pending": [],
              "skipped": [],
              "duration": 289,
              "root": false,
              "rootEmpty": false,
              "_timeout": 2000
            },
            {
              "uuid": "cfd32321-bfd2-4305-8170-1d355843a4b9",
              "title": "5 - Adicione um formulário no corpo da página",
              "fullFile": "",
              "file": "",
              "beforeHooks": [],
              "afterHooks": [],
              "tests": [
                {
                  "title": "Existe um formulário com o id `evaluation-form`",
                  "fullTitle": "Trybewarts 5 - Adicione um formulário no corpo da página Existe um formulário com o id `evaluation-form`",
                  "timedOut": null,
                  "duration": 122,
                  "state": "passed",
                  "speed": "slow",
                  "pass": true,
                  "fail": false,
                  "pending": false,
                  "context": null,
                  "code": "cy.get(EVALUATION_FORM).should('exist');",
                  "err": {},
                  "uuid": "bc7a3d8f-2ede-4cfb-abf3-7057588b23e2",
                  "parentUUID": "cfd32321-bfd2-4305-8170-1d355843a4b9",
                  "isHook": false,
                  "skipped": false
                },
                {
                  "title": "O formulário está inserido dentro de uma tag `main`",
                  "fullTitle": "Trybewarts 5 - Adicione um formulário no corpo da página O formulário está inserido dentro de uma tag `main`",
                  "timedOut": null,
                  "duration": 138,
                  "state": "passed",
                  "speed": "slow",
                  "pass": true,
                  "fail": false,
                  "pending": false,
                  "context": null,
                  "code": "cy.get(\"main \".concat(EVALUATION_FORM)).should('exist');",
                  "err": {},
                  "uuid": "17f36336-28a0-4b64-ac26-fa3422f2ce14",
                  "parentUUID": "cfd32321-bfd2-4305-8170-1d355843a4b9",
                  "isHook": false,
                  "skipped": false
                },
                {
                  "title": "O elemento main é um flex-container",
                  "fullTitle": "Trybewarts 5 - Adicione um formulário no corpo da página O elemento main é um flex-container",
                  "timedOut": null,
                  "duration": 116,
                  "state": "passed",
                  "speed": "slow",
                  "pass": true,
                  "fail": false,
                  "pending": false,
                  "context": null,
                  "code": "cy.get('main').should('have.css', 'display', 'flex');",
                  "err": {},
                  "uuid": "e9baec19-438b-4f8f-8fd1-92c7ef02b953",
                  "parentUUID": "cfd32321-bfd2-4305-8170-1d355843a4b9",
                  "isHook": false,
                  "skipped": false
                },
                {
                  "title": "O formulário é um flex-container",
                  "fullTitle": "Trybewarts 5 - Adicione um formulário no corpo da página O formulário é um flex-container",
                  "timedOut": null,
                  "duration": 102,
                  "state": "passed",
                  "speed": "slow",
                  "pass": true,
                  "fail": false,
                  "pending": false,
                  "context": null,
                  "code": "cy.get(EVALUATION_FORM).should('have.css', 'display', 'flex');",
                  "err": {},
                  "uuid": "06a5e701-a673-4896-83b1-3c50606f056d",
                  "parentUUID": "cfd32321-bfd2-4305-8170-1d355843a4b9",
                  "isHook": false,
                  "skipped": false
                },
                {
                  "title": "O formulário tem a largura igual a 675px",
                  "fullTitle": "Trybewarts 5 - Adicione um formulário no corpo da página O formulário tem a largura igual a 675px",
                  "timedOut": null,
                  "duration": 126,
                  "state": "passed",
                  "speed": "slow",
                  "pass": true,
                  "fail": false,
                  "pending": false,
                  "context": null,
                  "code": "cy.get(EVALUATION_FORM).should('have.css', 'width', '675px');",
                  "err": {},
                  "uuid": "3ecc8206-3ba3-4f82-b726-9e2d59c86c77",
                  "parentUUID": "cfd32321-bfd2-4305-8170-1d355843a4b9",
                  "isHook": false,
                  "skipped": false
                }
              ],
              "suites": [],
              "passes": [
                "bc7a3d8f-2ede-4cfb-abf3-7057588b23e2",
                "17f36336-28a0-4b64-ac26-fa3422f2ce14",
                "e9baec19-438b-4f8f-8fd1-92c7ef02b953",
                "06a5e701-a673-4896-83b1-3c50606f056d",
                "3ecc8206-3ba3-4f82-b726-9e2d59c86c77"
              ],
              "failures": [],
              "pending": [],
              "skipped": [],
              "duration": 604,
              "root": false,
              "rootEmpty": false,
              "_timeout": 2000
            },
            {
              "uuid": "68f9a1bc-6835-48c6-973b-6462ab30f28a",
              "title": "6 - Faça com que o eixo principal do formulário seja vertical",
              "fullFile": "",
              "file": "",
              "beforeHooks": [],
              "afterHooks": [],
              "tests": [
                {
                  "title": "O eixo principal do formulário com id \"evaluation-form\" é vertical",
                  "fullTitle": "Trybewarts 6 - Faça com que o eixo principal do formulário seja vertical O eixo principal do formulário com id \"evaluation-form\" é vertical",
                  "timedOut": null,
                  "duration": 134,
                  "state": "passed",
                  "speed": "slow",
                  "pass": true,
                  "fail": false,
                  "pending": false,
                  "context": null,
                  "code": "cy.get(EVALUATION_FORM).should('have.css', 'flex-direction', 'column');",
                  "err": {},
                  "uuid": "6c24b31d-9e3e-4ae5-aa1b-f63a1a0158ec",
                  "parentUUID": "68f9a1bc-6835-48c6-973b-6462ab30f28a",
                  "isHook": false,
                  "skipped": false
                }
              ],
              "suites": [],
              "passes": [
                "6c24b31d-9e3e-4ae5-aa1b-f63a1a0158ec"
              ],
              "failures": [],
              "pending": [],
              "skipped": [],
              "duration": 134,
              "root": false,
              "rootEmpty": false,
              "_timeout": 2000
            },
            {
              "uuid": "88efe52d-24f0-4692-b2a8-704f127a4800",
              "title": "7 - Adicione a logo da Trybewarts no lado direito da página",
              "fullFile": "",
              "file": "",
              "beforeHooks": [],
              "afterHooks": [],
              "tests": [
                {
                  "title": "Possui o id trybewarts-forms-logo",
                  "fullTitle": "Trybewarts 7 - Adicione a logo da Trybewarts no lado direito da página Possui o id trybewarts-forms-logo",
                  "timedOut": null,
                  "duration": 132,
                  "state": "passed",
                  "speed": "slow",
                  "pass": true,
                  "fail": false,
                  "pending": false,
                  "context": null,
                  "code": "cy.get(TRYBEWARTS_LOGO_FORMS_SELECTOR).should('exist');",
                  "err": {},
                  "uuid": "fd09cf51-c8f8-4948-b476-3748b9e9aabb",
                  "parentUUID": "88efe52d-24f0-4692-b2a8-704f127a4800",
                  "isHook": false,
                  "skipped": false
                },
                {
                  "title": "O atributo `src` do logotipo aponta para `images/trybewarts-colored.svg`",
                  "fullTitle": "Trybewarts 7 - Adicione a logo da Trybewarts no lado direito da página O atributo `src` do logotipo aponta para `images/trybewarts-colored.svg`",
                  "timedOut": null,
                  "duration": 103,
                  "state": "passed",
                  "speed": "slow",
                  "pass": true,
                  "fail": false,
                  "pending": false,
                  "context": null,
                  "code": "cy.get(TRYBEWARTS_LOGO_FORMS_SELECTOR).should('have.attr', 'src').and('match', /images\\/trybewarts-colored\\.svg/);",
                  "err": {},
                  "uuid": "bcfe58bc-f657-490c-bed8-6391d9f1582d",
                  "parentUUID": "88efe52d-24f0-4692-b2a8-704f127a4800",
                  "isHook": false,
                  "skipped": false
                },
                {
                  "title": "A imagem deve possuir um `height` de `500px`",
                  "fullTitle": "Trybewarts 7 - Adicione a logo da Trybewarts no lado direito da página A imagem deve possuir um `height` de `500px`",
                  "timedOut": null,
                  "duration": 122,
                  "state": "passed",
                  "speed": "slow",
                  "pass": true,
                  "fail": false,
                  "pending": false,
                  "context": null,
                  "code": "cy.get(TRYBEWARTS_LOGO_FORMS_SELECTOR).should('have.css', 'height', '500px');",
                  "err": {},
                  "uuid": "2eeb6e25-72d7-4332-98fc-41fe03d16c18",
                  "parentUUID": "88efe52d-24f0-4692-b2a8-704f127a4800",
                  "isHook": false,
                  "skipped": false
                },
                {
                  "title": "A imagem deve estar posicionada a direita do formulário com id `evaluation-form`",
                  "fullTitle": "Trybewarts 7 - Adicione a logo da Trybewarts no lado direito da página A imagem deve estar posicionada a direita do formulário com id `evaluation-form`",
                  "timedOut": null,
                  "duration": 103,
                  "state": "passed",
                  "speed": "slow",
                  "pass": true,
                  "fail": false,
                  "pending": false,
                  "context": null,
                  "code": "cy.get(TRYBEWARTS_LOGO_FORMS_SELECTOR).should('be.rightOf', EVALUATION_FORM);",
                  "err": {},
                  "uuid": "8d69ff8f-143e-4ed3-8aa3-9de2939dbfd2",
                  "parentUUID": "88efe52d-24f0-4692-b2a8-704f127a4800",
                  "isHook": false,
                  "skipped": false
                }
              ],
              "suites": [],
              "passes": [
                "fd09cf51-c8f8-4948-b476-3748b9e9aabb",
                "bcfe58bc-f657-490c-bed8-6391d9f1582d",
                "2eeb6e25-72d7-4332-98fc-41fe03d16c18",
                "8d69ff8f-143e-4ed3-8aa3-9de2939dbfd2"
              ],
              "failures": [],
              "pending": [],
              "skipped": [],
              "duration": 460,
              "root": false,
              "rootEmpty": false,
              "_timeout": 2000
            },
            {
              "uuid": "fe2c6b9b-6ddf-4169-9ec3-f436fcc85bd8",
              "title": "8 - Acrescente ao formulário com id `evaluation-form` os inputs de `nome, sobrenome e email`",
              "fullFile": "",
              "file": "",
              "beforeHooks": [],
              "afterHooks": [],
              "tests": [
                {
                  "title": "Existe um input com o id \"input-name\" e placeholder \"Nome\"",
                  "fullTitle": "Trybewarts 8 - Acrescente ao formulário com id `evaluation-form` os inputs de `nome, sobrenome e email` Existe um input com o id \"input-name\" e placeholder \"Nome\"",
                  "timedOut": null,
                  "duration": 108,
                  "state": "passed",
                  "speed": "slow",
                  "pass": true,
                  "fail": false,
                  "pending": false,
                  "context": null,
                  "code": "cy.get(\"input#\".concat(id)).should('exist').and('have.attr', 'placeholder', placeholder);",
                  "err": {},
                  "uuid": "3cf2285e-c35b-4d8a-bd5c-cecbb51464f2",
                  "parentUUID": "fe2c6b9b-6ddf-4169-9ec3-f436fcc85bd8",
                  "isHook": false,
                  "skipped": false
                },
                {
                  "title": "Existe um input com o id \"input-lastname\" e placeholder \"Sobrenome\"",
                  "fullTitle": "Trybewarts 8 - Acrescente ao formulário com id `evaluation-form` os inputs de `nome, sobrenome e email` Existe um input com o id \"input-lastname\" e placeholder \"Sobrenome\"",
                  "timedOut": null,
                  "duration": 164,
                  "state": "passed",
                  "speed": "slow",
                  "pass": true,
                  "fail": false,
                  "pending": false,
                  "context": null,
                  "code": "cy.get(\"input#\".concat(id)).should('exist').and('have.attr', 'placeholder', placeholder);",
                  "err": {},
                  "uuid": "5f39689f-060f-4d3f-a046-2e6d3899e720",
                  "parentUUID": "fe2c6b9b-6ddf-4169-9ec3-f436fcc85bd8",
                  "isHook": false,
                  "skipped": false
                },
                {
                  "title": "Existe um input com o id \"input-email\" e placeholder \"Email\"",
                  "fullTitle": "Trybewarts 8 - Acrescente ao formulário com id `evaluation-form` os inputs de `nome, sobrenome e email` Existe um input com o id \"input-email\" e placeholder \"Email\"",
                  "timedOut": null,
                  "duration": 107,
                  "state": "passed",
                  "speed": "slow",
                  "pass": true,
                  "fail": false,
                  "pending": false,
                  "context": null,
                  "code": "cy.get(\"input#\".concat(id)).should('exist').and('have.attr', 'placeholder', placeholder);",
                  "err": {},
                  "uuid": "383f8cff-637b-40c0-808a-623b6910e84e",
                  "parentUUID": "fe2c6b9b-6ddf-4169-9ec3-f436fcc85bd8",
                  "isHook": false,
                  "skipped": false
                }
              ],
              "suites": [],
              "passes": [
                "3cf2285e-c35b-4d8a-bd5c-cecbb51464f2",
                "5f39689f-060f-4d3f-a046-2e6d3899e720",
                "383f8cff-637b-40c0-808a-623b6910e84e"
              ],
              "failures": [],
              "pending": [],
              "skipped": [],
              "duration": 379,
              "root": false,
              "rootEmpty": false,
              "_timeout": 2000
            },
            {
              "uuid": "751e4dae-a710-454b-92fd-39f994775d29",
              "title": "9 - Acrescente ao formulário um select com o id `house` contendo as opções `Gitnória`, `Reactpuff`, `Corvinode` e `Pytherina`",
              "fullFile": "",
              "file": "",
              "beforeHooks": [],
              "afterHooks": [],
              "tests": [
                {
                  "title": "Existe uma option com text e value igual a \"Gitnória\" e id igual a \"gitnoria-house\"",
                  "fullTitle": "Trybewarts 9 - Acrescente ao formulário um select com o id `house` contendo as opções `Gitnória`, `Reactpuff`, `Corvinode` e `Pytherina` Existe uma option com text e value igual a \"Gitnória\" e id igual a \"gitnoria-house\"",
                  "timedOut": null,
                  "duration": 101,
                  "state": "passed",
                  "speed": "slow",
                  "pass": true,
                  "fail": false,
                  "pending": false,
                  "context": null,
                  "code": "cy.get(\"\".concat(HOUSES_SELECTOR, \" option#\").concat(id)).then(function (option) {\n  expect(option).to.have.text(name);\n  expect(option).to.have.value(name);\n});",
                  "err": {},
                  "uuid": "2a13e984-275c-40c6-9bc7-76e9a40e5190",
                  "parentUUID": "751e4dae-a710-454b-92fd-39f994775d29",
                  "isHook": false,
                  "skipped": false
                },
                {
                  "title": "Existe uma option com text e value igual a \"Reactpuff\" e id igual a \"reactpuff-house\"",
                  "fullTitle": "Trybewarts 9 - Acrescente ao formulário um select com o id `house` contendo as opções `Gitnória`, `Reactpuff`, `Corvinode` e `Pytherina` Existe uma option com text e value igual a \"Reactpuff\" e id igual a \"reactpuff-house\"",
                  "timedOut": null,
                  "duration": 100,
                  "state": "passed",
                  "speed": "slow",
                  "pass": true,
                  "fail": false,
                  "pending": false,
                  "context": null,
                  "code": "cy.get(\"\".concat(HOUSES_SELECTOR, \" option#\").concat(id)).then(function (option) {\n  expect(option).to.have.text(name);\n  expect(option).to.have.value(name);\n});",
                  "err": {},
                  "uuid": "13a9b027-a563-4328-8822-05ff05af7af7",
                  "parentUUID": "751e4dae-a710-454b-92fd-39f994775d29",
                  "isHook": false,
                  "skipped": false
                },
                {
                  "title": "Existe uma option com text e value igual a \"Corvinode\" e id igual a \"corvinode-house\"",
                  "fullTitle": "Trybewarts 9 - Acrescente ao formulário um select com o id `house` contendo as opções `Gitnória`, `Reactpuff`, `Corvinode` e `Pytherina` Existe uma option com text e value igual a \"Corvinode\" e id igual a \"corvinode-house\"",
                  "timedOut": null,
                  "duration": 97,
                  "state": "passed",
                  "speed": "slow",
                  "pass": true,
                  "fail": false,
                  "pending": false,
                  "context": null,
                  "code": "cy.get(\"\".concat(HOUSES_SELECTOR, \" option#\").concat(id)).then(function (option) {\n  expect(option).to.have.text(name);\n  expect(option).to.have.value(name);\n});",
                  "err": {},
                  "uuid": "f762353c-a60f-4513-a104-c41086189d3e",
                  "parentUUID": "751e4dae-a710-454b-92fd-39f994775d29",
                  "isHook": false,
                  "skipped": false
                },
                {
                  "title": "Existe uma option com text e value igual a \"Pytherina\" e id igual a \"pytherina-house\"",
                  "fullTitle": "Trybewarts 9 - Acrescente ao formulário um select com o id `house` contendo as opções `Gitnória`, `Reactpuff`, `Corvinode` e `Pytherina` Existe uma option com text e value igual a \"Pytherina\" e id igual a \"pytherina-house\"",
                  "timedOut": null,
                  "duration": 100,
                  "state": "passed",
                  "speed": "slow",
                  "pass": true,
                  "fail": false,
                  "pending": false,
                  "context": null,
                  "code": "cy.get(\"\".concat(HOUSES_SELECTOR, \" option#\").concat(id)).then(function (option) {\n  expect(option).to.have.text(name);\n  expect(option).to.have.value(name);\n});",
                  "err": {},
                  "uuid": "9e02d768-6bb7-443a-a614-1c0fa5ddc21b",
                  "parentUUID": "751e4dae-a710-454b-92fd-39f994775d29",
                  "isHook": false,
                  "skipped": false
                }
              ],
              "suites": [],
              "passes": [
                "2a13e984-275c-40c6-9bc7-76e9a40e5190",
                "13a9b027-a563-4328-8822-05ff05af7af7",
                "f762353c-a60f-4513-a104-c41086189d3e",
                "9e02d768-6bb7-443a-a614-1c0fa5ddc21b"
              ],
              "failures": [],
              "pending": [],
              "skipped": [],
              "duration": 398,
              "root": false,
              "rootEmpty": false,
              "_timeout": 2000
            },
            {
              "uuid": "460a105b-85b6-4e0c-896c-4932a29f96a6",
              "title": "10 - Posicione os campos de `Nome` e `Sobrenome` para que fiquem em linha",
              "fullFile": "",
              "file": "",
              "beforeHooks": [],
              "afterHooks": [],
              "tests": [
                {
                  "title": "O campo de \"Sobrenome\" está a direita do campo de \"Nome\"",
                  "fullTitle": "Trybewarts 10 - Posicione os campos de `Nome` e `Sobrenome` para que fiquem em linha O campo de \"Sobrenome\" está a direita do campo de \"Nome\"",
                  "timedOut": null,
                  "duration": 98,
                  "state": "passed",
                  "speed": "slow",
                  "pass": true,
                  "fail": false,
                  "pending": false,
                  "context": null,
                  "code": "cy.get(USER_LASTNAME_INPUT_SELECTOR).should('be.rightOf', USER_NAME_INPUT_SELECTOR);",
                  "err": {},
                  "uuid": "9d950576-d50c-4616-833b-ae09d2ea5b99",
                  "parentUUID": "460a105b-85b6-4e0c-896c-4932a29f96a6",
                  "isHook": false,
                  "skipped": false
                }
              ],
              "suites": [],
              "passes": [
                "9d950576-d50c-4616-833b-ae09d2ea5b99"
              ],
              "failures": [],
              "pending": [],
              "skipped": [],
              "duration": 98,
              "root": false,
              "rootEmpty": false,
              "_timeout": 2000
            },
            {
              "uuid": "931be66d-91c8-4ff2-ad5f-1bb36f6fe455",
              "title": "11 - Posicione os campos de `Email` e `Casa` para que fiquem em linha",
              "fullFile": "",
              "file": "",
              "beforeHooks": [],
              "afterHooks": [],
              "tests": [
                {
                  "title": "O select das casas está a direita do campo de \"Email\"",
                  "fullTitle": "Trybewarts 11 - Posicione os campos de `Email` e `Casa` para que fiquem em linha O select das casas está a direita do campo de \"Email\"",
                  "timedOut": null,
                  "duration": 90,
                  "state": "passed",
                  "speed": "slow",
                  "pass": true,
                  "fail": false,
                  "pending": false,
                  "context": null,
                  "code": "cy.get(HOUSES_SELECTOR).should('be.rightOf', USER_EMAIL_INPUT_SELECTOR);",
                  "err": {},
                  "uuid": "d43c344c-7c4f-4d1a-aa0f-b6bb3fd56560",
                  "parentUUID": "931be66d-91c8-4ff2-ad5f-1bb36f6fe455",
                  "isHook": false,
                  "skipped": false
                }
              ],
              "suites": [],
              "passes": [
                "d43c344c-7c4f-4d1a-aa0f-b6bb3fd56560"
              ],
              "failures": [],
              "pending": [],
              "skipped": [],
              "duration": 90,
              "root": false,
              "rootEmpty": false,
              "_timeout": 2000
            },
            {
              "uuid": "04ef59b1-fb12-4366-98a4-26c18dec4cb5",
              "title": "12 - Acrescente ao formulário um campo de entrada para qual família a pessoa estudante se identifica",
              "fullFile": "",
              "file": "",
              "beforeHooks": [],
              "afterHooks": [],
              "tests": [
                {
                  "title": "Um elemento com o id \"label-family\" e o texto \"Qual sua família?\" deverá ser criado",
                  "fullTitle": "Trybewarts 12 - Acrescente ao formulário um campo de entrada para qual família a pessoa estudante se identifica Um elemento com o id \"label-family\" e o texto \"Qual sua família?\" deverá ser criado",
                  "timedOut": null,
                  "duration": 90,
                  "state": "passed",
                  "speed": "slow",
                  "pass": true,
                  "fail": false,
                  "pending": false,
                  "context": null,
                  "code": "cy.get(\"\".concat(EVALUATION_FORM, \" #label-family\")).should('have.text', LABEL_FAMILY_TEXT);",
                  "err": {},
                  "uuid": "28898dba-745e-407f-a10a-fd46eb2062ab",
                  "parentUUID": "04ef59b1-fb12-4366-98a4-26c18dec4cb5",
                  "isHook": false,
                  "skipped": false
                },
                {
                  "title": "Deverá haver um input do tipo radio, com value igual a \"Frontend\" e name igual a \"family\"",
                  "fullTitle": "Trybewarts 12 - Acrescente ao formulário um campo de entrada para qual família a pessoa estudante se identifica Deverá haver um input do tipo radio, com value igual a \"Frontend\" e name igual a \"family\"",
                  "timedOut": null,
                  "duration": 98,
                  "state": "passed",
                  "speed": "slow",
                  "pass": true,
                  "fail": false,
                  "pending": false,
                  "context": null,
                  "code": "cy.get(\"input[value=\".concat(family, \"]\")).should('exist').and('have.attr', 'type', 'radio').and('have.attr', 'name', 'family');",
                  "err": {},
                  "uuid": "33dca5f3-c483-487b-9cd5-f3144b81ab2c",
                  "parentUUID": "04ef59b1-fb12-4366-98a4-26c18dec4cb5",
                  "isHook": false,
                  "skipped": false
                },
                {
                  "title": "Deverá haver um input do tipo radio, com value igual a \"Backend\" e name igual a \"family\"",
                  "fullTitle": "Trybewarts 12 - Acrescente ao formulário um campo de entrada para qual família a pessoa estudante se identifica Deverá haver um input do tipo radio, com value igual a \"Backend\" e name igual a \"family\"",
                  "timedOut": null,
                  "duration": 98,
                  "state": "passed",
                  "speed": "slow",
                  "pass": true,
                  "fail": false,
                  "pending": false,
                  "context": null,
                  "code": "cy.get(\"input[value=\".concat(family, \"]\")).should('exist').and('have.attr', 'type', 'radio').and('have.attr', 'name', 'family');",
                  "err": {},
                  "uuid": "aba5ebf2-c424-4399-8b50-04913fd57444",
                  "parentUUID": "04ef59b1-fb12-4366-98a4-26c18dec4cb5",
                  "isHook": false,
                  "skipped": false
                },
                {
                  "title": "Deverá haver um input do tipo radio, com value igual a \"FullStack\" e name igual a \"family\"",
                  "fullTitle": "Trybewarts 12 - Acrescente ao formulário um campo de entrada para qual família a pessoa estudante se identifica Deverá haver um input do tipo radio, com value igual a \"FullStack\" e name igual a \"family\"",
                  "timedOut": null,
                  "duration": 105,
                  "state": "passed",
                  "speed": "slow",
                  "pass": true,
                  "fail": false,
                  "pending": false,
                  "context": null,
                  "code": "cy.get(\"input[value=\".concat(family, \"]\")).should('exist').and('have.attr', 'type', 'radio').and('have.attr', 'name', 'family');",
                  "err": {},
                  "uuid": "a4afaa48-0e95-4391-9857-bbb649feb8c0",
                  "parentUUID": "04ef59b1-fb12-4366-98a4-26c18dec4cb5",
                  "isHook": false,
                  "skipped": false
                },
                {
                  "title": "Posicione os radio buttons para ficar abaixo um do outro, na sequência \"Frontend\", \"Backend\" e \"Fullstack\"",
                  "fullTitle": "Trybewarts 12 - Acrescente ao formulário um campo de entrada para qual família a pessoa estudante se identifica Posicione os radio buttons para ficar abaixo um do outro, na sequência \"Frontend\", \"Backend\" e \"Fullstack\"",
                  "timedOut": null,
                  "duration": 98,
                  "state": "passed",
                  "speed": "slow",
                  "pass": true,
                  "fail": false,
                  "pending": false,
                  "context": null,
                  "code": "cy.get('input[value=\"Backend\"]').should('be.below', 'input[value=\"Frontend\"]');\ncy.get('input[value=\"FullStack\"]').should('be.below', 'input[value=\"Backend\"]');",
                  "err": {},
                  "uuid": "84f19bfa-d2ad-436e-bba2-1b3f64197909",
                  "parentUUID": "04ef59b1-fb12-4366-98a4-26c18dec4cb5",
                  "isHook": false,
                  "skipped": false
                },
                {
                  "title": "Posicione os radio buttons abaixo do label com id \"label-family\"",
                  "fullTitle": "Trybewarts 12 - Acrescente ao formulário um campo de entrada para qual família a pessoa estudante se identifica Posicione os radio buttons abaixo do label com id \"label-family\"",
                  "timedOut": null,
                  "duration": 101,
                  "state": "passed",
                  "speed": "slow",
                  "pass": true,
                  "fail": false,
                  "pending": false,
                  "context": null,
                  "code": "FAMILIES.forEach(function (family) {\n  cy.get(\"input[value=\\\"\".concat(family, \"\\\"]\")).should('be.below', '#label-family');\n});",
                  "err": {},
                  "uuid": "da81893d-5831-42a7-b773-9d473048a0f5",
                  "parentUUID": "04ef59b1-fb12-4366-98a4-26c18dec4cb5",
                  "isHook": false,
                  "skipped": false
                }
              ],
              "suites": [],
              "passes": [
                "28898dba-745e-407f-a10a-fd46eb2062ab",
                "33dca5f3-c483-487b-9cd5-f3144b81ab2c",
                "aba5ebf2-c424-4399-8b50-04913fd57444",
                "a4afaa48-0e95-4391-9857-bbb649feb8c0",
                "84f19bfa-d2ad-436e-bba2-1b3f64197909",
                "da81893d-5831-42a7-b773-9d473048a0f5"
              ],
              "failures": [],
              "pending": [],
              "skipped": [],
              "duration": 590,
              "root": false,
              "rootEmpty": false,
              "_timeout": 2000
            },
            {
              "uuid": "2af2ff47-4dd1-4671-8209-4854f60a6111",
              "title": "13 - Crie campos de entrada do tipo `checkbox` contendo seis opções",
              "fullFile": "",
              "file": "",
              "beforeHooks": [],
              "afterHooks": [],
              "tests": [
                {
                  "title": "Existe um elemento com o id \"label-content\" e o texto \"Qual conteúdo você está com mais vontade de aprender?\"",
                  "fullTitle": "Trybewarts 13 - Crie campos de entrada do tipo `checkbox` contendo seis opções Existe um elemento com o id \"label-content\" e o texto \"Qual conteúdo você está com mais vontade de aprender?\"",
                  "timedOut": null,
                  "duration": 114,
                  "state": "passed",
                  "speed": "slow",
                  "pass": true,
                  "fail": false,
                  "pending": false,
                  "context": null,
                  "code": "cy.get('#label-content').contains(LABEL_CONTENT_TEXT);",
                  "err": {},
                  "uuid": "20264408-9c44-4cc3-962a-675f74751aa5",
                  "parentUUID": "2af2ff47-4dd1-4671-8209-4854f60a6111",
                  "isHook": false,
                  "skipped": false
                },
                {
                  "title": "Existe uma checkbox com o value igual a HoFs",
                  "fullTitle": "Trybewarts 13 - Crie campos de entrada do tipo `checkbox` contendo seis opções Existe uma checkbox com o value igual a HoFs",
                  "timedOut": null,
                  "duration": 100,
                  "state": "passed",
                  "speed": "slow",
                  "pass": true,
                  "fail": false,
                  "pending": false,
                  "context": null,
                  "code": "cy.get(\"\".concat(EVALUATION_FORM, \" input[value=\").concat(checkbox, \"]\")).should('exist');",
                  "err": {},
                  "uuid": "89d88511-af9f-4268-9431-5e5b10f5d280",
                  "parentUUID": "2af2ff47-4dd1-4671-8209-4854f60a6111",
                  "isHook": false,
                  "skipped": false
                },
                {
                  "title": "Existe uma checkbox com o value igual a Jest",
                  "fullTitle": "Trybewarts 13 - Crie campos de entrada do tipo `checkbox` contendo seis opções Existe uma checkbox com o value igual a Jest",
                  "timedOut": null,
                  "duration": 101,
                  "state": "passed",
                  "speed": "slow",
                  "pass": true,
                  "fail": false,
                  "pending": false,
                  "context": null,
                  "code": "cy.get(\"\".concat(EVALUATION_FORM, \" input[value=\").concat(checkbox, \"]\")).should('exist');",
                  "err": {},
                  "uuid": "280a579a-f387-4a7a-b9c1-778b363fadf3",
                  "parentUUID": "2af2ff47-4dd1-4671-8209-4854f60a6111",
                  "isHook": false,
                  "skipped": false
                },
                {
                  "title": "Existe uma checkbox com o value igual a Promises",
                  "fullTitle": "Trybewarts 13 - Crie campos de entrada do tipo `checkbox` contendo seis opções Existe uma checkbox com o value igual a Promises",
                  "timedOut": null,
                  "duration": 101,
                  "state": "passed",
                  "speed": "slow",
                  "pass": true,
                  "fail": false,
                  "pending": false,
                  "context": null,
                  "code": "cy.get(\"\".concat(EVALUATION_FORM, \" input[value=\").concat(checkbox, \"]\")).should('exist');",
                  "err": {},
                  "uuid": "ead6641d-22d4-4089-98aa-433331fc2630",
                  "parentUUID": "2af2ff47-4dd1-4671-8209-4854f60a6111",
                  "isHook": false,
                  "skipped": false
                },
                {
                  "title": "Existe uma checkbox com o value igual a React",
                  "fullTitle": "Trybewarts 13 - Crie campos de entrada do tipo `checkbox` contendo seis opções Existe uma checkbox com o value igual a React",
                  "timedOut": null,
                  "duration": 97,
                  "state": "passed",
                  "speed": "slow",
                  "pass": true,
                  "fail": false,
                  "pending": false,
                  "context": null,
                  "code": "cy.get(\"\".concat(EVALUATION_FORM, \" input[value=\").concat(checkbox, \"]\")).should('exist');",
                  "err": {},
                  "uuid": "b82c9dcd-3e9f-4c86-99cc-2e511dc49f10",
                  "parentUUID": "2af2ff47-4dd1-4671-8209-4854f60a6111",
                  "isHook": false,
                  "skipped": false
                },
                {
                  "title": "Existe uma checkbox com o value igual a SQL",
                  "fullTitle": "Trybewarts 13 - Crie campos de entrada do tipo `checkbox` contendo seis opções Existe uma checkbox com o value igual a SQL",
                  "timedOut": null,
                  "duration": 100,
                  "state": "passed",
                  "speed": "slow",
                  "pass": true,
                  "fail": false,
                  "pending": false,
                  "context": null,
                  "code": "cy.get(\"\".concat(EVALUATION_FORM, \" input[value=\").concat(checkbox, \"]\")).should('exist');",
                  "err": {},
                  "uuid": "2006636b-7912-4a64-948c-f7b48670ae37",
                  "parentUUID": "2af2ff47-4dd1-4671-8209-4854f60a6111",
                  "isHook": false,
                  "skipped": false
                },
                {
                  "title": "Existe uma checkbox com o value igual a Python",
                  "fullTitle": "Trybewarts 13 - Crie campos de entrada do tipo `checkbox` contendo seis opções Existe uma checkbox com o value igual a Python",
                  "timedOut": null,
                  "duration": 97,
                  "state": "passed",
                  "speed": "slow",
                  "pass": true,
                  "fail": false,
                  "pending": false,
                  "context": null,
                  "code": "cy.get(\"\".concat(EVALUATION_FORM, \" input[value=\").concat(checkbox, \"]\")).should('exist');",
                  "err": {},
                  "uuid": "5b71c8c7-bd57-41f0-ad8f-e2604b8ae832",
                  "parentUUID": "2af2ff47-4dd1-4671-8209-4854f60a6111",
                  "isHook": false,
                  "skipped": false
                },
                {
                  "title": "As checkboxes estão posicionadas abaixo do label com id \"label-content\"",
                  "fullTitle": "Trybewarts 13 - Crie campos de entrada do tipo `checkbox` contendo seis opções As checkboxes estão posicionadas abaixo do label com id \"label-content\"",
                  "timedOut": null,
                  "duration": 118,
                  "state": "passed",
                  "speed": "slow",
                  "pass": true,
                  "fail": false,
                  "pending": false,
                  "context": null,
                  "code": "CHECKBOXES.forEach(function (checkbox) {\n  cy.get(\"\".concat(EVALUATION_FORM, \" input[value=\").concat(checkbox, \"]\")).should('be.below', \"\".concat(EVALUATION_FORM, \" #label-content\"));\n});",
                  "err": {},
                  "uuid": "fd288008-5369-451a-bedc-1d52d3cb813f",
                  "parentUUID": "2af2ff47-4dd1-4671-8209-4854f60a6111",
                  "isHook": false,
                  "skipped": false
                }
              ],
              "suites": [],
              "passes": [
                "20264408-9c44-4cc3-962a-675f74751aa5",
                "89d88511-af9f-4268-9431-5e5b10f5d280",
                "280a579a-f387-4a7a-b9c1-778b363fadf3",
                "ead6641d-22d4-4089-98aa-433331fc2630",
                "b82c9dcd-3e9f-4c86-99cc-2e511dc49f10",
                "2006636b-7912-4a64-948c-f7b48670ae37",
                "5b71c8c7-bd57-41f0-ad8f-e2604b8ae832",
                "fd288008-5369-451a-bedc-1d52d3cb813f"
              ],
              "failures": [],
              "pending": [],
              "skipped": [],
              "duration": 828,
              "root": false,
              "rootEmpty": false,
              "_timeout": 2000
            },
            {
              "uuid": "63378400-be36-4856-b897-5e14b56a7f5f",
              "title": "14 - Crie campo de entrada para avaliar de 1 a 10 o nível de satisfação com a Trybewarts",
              "fullFile": "",
              "file": "",
              "beforeHooks": [],
              "afterHooks": [],
              "tests": [
                {
                  "title": "Um elemento com o id label-rate e o texto \"Como você avalia a Trybewarts?\" deverá ser criado",
                  "fullTitle": "Trybewarts 14 - Crie campo de entrada para avaliar de 1 a 10 o nível de satisfação com a Trybewarts Um elemento com o id label-rate e o texto \"Como você avalia a Trybewarts?\" deverá ser criado",
                  "timedOut": null,
                  "duration": 99,
                  "state": "passed",
                  "speed": "slow",
                  "pass": true,
                  "fail": false,
                  "pending": false,
                  "context": null,
                  "code": "cy.get('#label-rate').contains(LABEL_RATE_TEXT);",
                  "err": {},
                  "uuid": "d3f1a316-5ab4-4754-87e1-097c33b85f50",
                  "parentUUID": "63378400-be36-4856-b897-5e14b56a7f5f",
                  "isHook": false,
                  "skipped": false
                },
                {
                  "title": "O campo deve ser formado por dez radio buttons, contendo as opções de 1 a 10",
                  "fullTitle": "Trybewarts 14 - Crie campo de entrada para avaliar de 1 a 10 o nível de satisfação com a Trybewarts O campo deve ser formado por dez radio buttons, contendo as opções de 1 a 10",
                  "timedOut": null,
                  "duration": 111,
                  "state": "passed",
                  "speed": "slow",
                  "pass": true,
                  "fail": false,
                  "pending": false,
                  "context": null,
                  "code": "cy.get('input[name=\"rate\"]').its('length').should('be.gt', 9);",
                  "err": {},
                  "uuid": "afe3f06f-e8ba-4de9-bb35-65ebb1be2851",
                  "parentUUID": "63378400-be36-4856-b897-5e14b56a7f5f",
                  "isHook": false,
                  "skipped": false
                },
                {
                  "title": "Posicione os radio buttons à direita do label",
                  "fullTitle": "Trybewarts 14 - Crie campo de entrada para avaliar de 1 a 10 o nível de satisfação com a Trybewarts Posicione os radio buttons à direita do label",
                  "timedOut": null,
                  "duration": 98,
                  "state": "passed",
                  "speed": "slow",
                  "pass": true,
                  "fail": false,
                  "pending": false,
                  "context": null,
                  "code": "cy.get('input[value=\"1\"]').should('be.rightOf', '#label-rate');",
                  "err": {},
                  "uuid": "b90ecca4-ccf2-4658-8fef-8b01102e312f",
                  "parentUUID": "63378400-be36-4856-b897-5e14b56a7f5f",
                  "isHook": false,
                  "skipped": false
                }
              ],
              "suites": [],
              "passes": [
                "d3f1a316-5ab4-4754-87e1-097c33b85f50",
                "afe3f06f-e8ba-4de9-bb35-65ebb1be2851",
                "b90ecca4-ccf2-4658-8fef-8b01102e312f"
              ],
              "failures": [],
              "pending": [],
              "skipped": [],
              "duration": 308,
              "root": false,
              "rootEmpty": false,
              "_timeout": 2000
            },
            {
              "uuid": "72914b3b-a1f7-44db-90d6-1cc427efce27",
              "title": "15 - Crie uma textarea com o id `textarea` e uma label com a classe `textarea` contendo o número máximo de caracteres igual à 500",
              "fullFile": "",
              "file": "",
              "beforeHooks": [],
              "afterHooks": [],
              "tests": [
                {
                  "title": "Uma label com a classe textarea e o texto \"Deixe seu comentário:\" deverá ser criado\" ",
                  "fullTitle": "Trybewarts 15 - Crie uma textarea com o id `textarea` e uma label com a classe `textarea` contendo o número máximo de caracteres igual à 500 Uma label com a classe textarea e o texto \"Deixe seu comentário:\" deverá ser criado\" ",
                  "timedOut": null,
                  "duration": 97,
                  "state": "passed",
                  "speed": "slow",
                  "pass": true,
                  "fail": false,
                  "pending": false,
                  "context": null,
                  "code": "cy.get('.textarea').contains(LABEL_TEXTAREA);",
                  "err": {},
                  "uuid": "5a3119fa-5ea5-449b-b396-41956ac31cd4",
                  "parentUUID": "72914b3b-a1f7-44db-90d6-1cc427efce27",
                  "isHook": false,
                  "skipped": false
                },
                {
                  "title": "O campo textarea deverá ter o máximo de 500 caracteres",
                  "fullTitle": "Trybewarts 15 - Crie uma textarea com o id `textarea` e uma label com a classe `textarea` contendo o número máximo de caracteres igual à 500 O campo textarea deverá ter o máximo de 500 caracteres",
                  "timedOut": null,
                  "duration": 10320,
                  "state": "passed",
                  "speed": "slow",
                  "pass": true,
                  "fail": false,
                  "pending": false,
                  "context": null,
                  "code": "cy.get('textarea').type('text'.repeat(200));\ncy.get('textarea').invoke('val').should(function (value) {\n  expect(value).to.match(/^[a-z]{500}$/);\n});",
                  "err": {},
                  "uuid": "d6530eae-9102-4450-9d43-6c1340f52774",
                  "parentUUID": "72914b3b-a1f7-44db-90d6-1cc427efce27",
                  "isHook": false,
                  "skipped": false
                }
              ],
              "suites": [],
              "passes": [
                "5a3119fa-5ea5-449b-b396-41956ac31cd4",
                "d6530eae-9102-4450-9d43-6c1340f52774"
              ],
              "failures": [],
              "pending": [],
              "skipped": [],
              "duration": 10417,
              "root": false,
              "rootEmpty": false,
              "_timeout": 2000
            },
            {
              "uuid": "e84c7e3e-089e-4084-ad5d-e1c20e2aa648",
              "title": "16 - Crie um campo de entrada do tipo `checkbox` com o id `agreement` para validar as informações",
              "fullFile": "",
              "file": "",
              "beforeHooks": [],
              "afterHooks": [],
              "tests": [
                {
                  "title": "Uma label com o id \"label-infos\" deve possuir o texto \"Você concorda com o uso das informações acima?\"",
                  "fullTitle": "Trybewarts 16 - Crie um campo de entrada do tipo `checkbox` com o id `agreement` para validar as informações Uma label com o id \"label-infos\" deve possuir o texto \"Você concorda com o uso das informações acima?\"",
                  "timedOut": null,
                  "duration": 71,
                  "state": "passed",
                  "speed": "medium",
                  "pass": true,
                  "fail": false,
                  "pending": false,
                  "context": null,
                  "code": "cy.get('label#label-infos').should('exist').contains('Você concorda com o uso das informações acima?');",
                  "err": {},
                  "uuid": "1315600b-5768-491d-a11b-78284000514c",
                  "parentUUID": "e84c7e3e-089e-4084-ad5d-e1c20e2aa648",
                  "isHook": false,
                  "skipped": false
                },
                {
                  "title": "Um input do tipo checkbox deve existir e deve possuir o id \"agreement\"",
                  "fullTitle": "Trybewarts 16 - Crie um campo de entrada do tipo `checkbox` com o id `agreement` para validar as informações Um input do tipo checkbox deve existir e deve possuir o id \"agreement\"",
                  "timedOut": null,
                  "duration": 64,
                  "state": "passed",
                  "speed": "medium",
                  "pass": true,
                  "fail": false,
                  "pending": false,
                  "context": null,
                  "code": "cy.get('input#agreement[type=\"checkbox\"]').should('exist');",
                  "err": {},
                  "uuid": "3f12952a-0c02-4252-9d32-66c4d9a255fc",
                  "parentUUID": "e84c7e3e-089e-4084-ad5d-e1c20e2aa648",
                  "isHook": false,
                  "skipped": false
                }
              ],
              "suites": [],
              "passes": [
                "1315600b-5768-491d-a11b-78284000514c",
                "3f12952a-0c02-4252-9d32-66c4d9a255fc"
              ],
              "failures": [],
              "pending": [],
              "skipped": [],
              "duration": 135,
              "root": false,
              "rootEmpty": false,
              "_timeout": 2000
            },
            {
              "uuid": "9e804976-5076-4c7d-8153-d4758bb46e4e",
              "title": "17 - Crie um botão de Enviar para submeter o formulário",
              "fullFile": "",
              "file": "",
              "beforeHooks": [],
              "afterHooks": [],
              "tests": [
                {
                  "title": "Deve existir um botão com o id \"submit-btn\" e o texto \"Enviar\"",
                  "fullTitle": "Trybewarts 17 - Crie um botão de Enviar para submeter o formulário Deve existir um botão com o id \"submit-btn\" e o texto \"Enviar\"",
                  "timedOut": null,
                  "duration": 69,
                  "state": "passed",
                  "speed": "medium",
                  "pass": true,
                  "fail": false,
                  "pending": false,
                  "context": null,
                  "code": "cy.get('button#submit-btn[type=\"submit\"]').should('exist').should('have.text', 'Enviar');",
                  "err": {},
                  "uuid": "d2fdf590-6958-43a0-9b05-df4ceb5bf571",
                  "parentUUID": "9e804976-5076-4c7d-8153-d4758bb46e4e",
                  "isHook": false,
                  "skipped": false
                }
              ],
              "suites": [],
              "passes": [
                "d2fdf590-6958-43a0-9b05-df4ceb5bf571"
              ],
              "failures": [],
              "pending": [],
              "skipped": [],
              "duration": 69,
              "root": false,
              "rootEmpty": false,
              "_timeout": 2000
            },
            {
              "uuid": "cef3f21e-18a9-422f-9cf4-04a7762068e2",
              "title": "18 - Faça com que o botão `Enviar` seja habilitado somente após a checkbox do requisito 16 ser selecionada",
              "fullFile": "",
              "file": "",
              "beforeHooks": [],
              "afterHooks": [],
              "tests": [
                {
                  "title": "O botão deve inicialmente estar desabilitado",
                  "fullTitle": "Trybewarts 18 - Faça com que o botão `Enviar` seja habilitado somente após a checkbox do requisito 16 ser selecionada O botão deve inicialmente estar desabilitado",
                  "timedOut": null,
                  "duration": 87,
                  "state": "passed",
                  "speed": "slow",
                  "pass": true,
                  "fail": false,
                  "pending": false,
                  "context": null,
                  "code": "cy.get('button#submit-btn').should('be.disabled');",
                  "err": {},
                  "uuid": "1acb23cf-5ec0-4c0c-89da-57e75414d17c",
                  "parentUUID": "cef3f21e-18a9-422f-9cf4-04a7762068e2",
                  "isHook": false,
                  "skipped": false
                },
                {
                  "title": "Ao marcar o campo de confirmação, o botão de Enviar deve ser habilitado",
                  "fullTitle": "Trybewarts 18 - Faça com que o botão `Enviar` seja habilitado somente após a checkbox do requisito 16 ser selecionada Ao marcar o campo de confirmação, o botão de Enviar deve ser habilitado",
                  "timedOut": null,
                  "duration": 188,
                  "state": "passed",
                  "speed": "slow",
                  "pass": true,
                  "fail": false,
                  "pending": false,
                  "context": null,
                  "code": "cy.get('input#agreement').check();\ncy.get('button#submit-btn').should('not.be.disabled');",
                  "err": {},
                  "uuid": "d4dd74c4-888d-44d0-ba21-f2f5549cb6ad",
                  "parentUUID": "cef3f21e-18a9-422f-9cf4-04a7762068e2",
                  "isHook": false,
                  "skipped": false
                }
              ],
              "suites": [],
              "passes": [
                "1acb23cf-5ec0-4c0c-89da-57e75414d17c",
                "d4dd74c4-888d-44d0-ba21-f2f5549cb6ad"
              ],
              "failures": [],
              "pending": [],
              "skipped": [],
              "duration": 275,
              "root": false,
              "rootEmpty": false,
              "_timeout": 2000
            },
            {
              "uuid": "3bfb7e7c-bb0e-498d-b43e-c9f8060fe81e",
              "title": "19 - Crie um rodapé no final da página",
              "fullFile": "",
              "file": "",
              "beforeHooks": [],
              "afterHooks": [],
              "tests": [
                {
                  "title": "O rodapé deve conter o texto \"Direitos reservados à Trybewarts©\"",
                  "fullTitle": "Trybewarts 19 - Crie um rodapé no final da página O rodapé deve conter o texto \"Direitos reservados à Trybewarts©\"",
                  "timedOut": null,
                  "duration": 133,
                  "state": "passed",
                  "speed": "slow",
                  "pass": true,
                  "fail": false,
                  "pending": false,
                  "context": null,
                  "code": "cy.get('footer').should('exist').contains('Direitos reservados à Trybewarts©');",
                  "err": {},
                  "uuid": "74049d08-2ec1-46a1-9ce1-3eaf85f2267a",
                  "parentUUID": "3bfb7e7c-bb0e-498d-b43e-c9f8060fe81e",
                  "isHook": false,
                  "skipped": false
                }
              ],
              "suites": [],
              "passes": [
                "74049d08-2ec1-46a1-9ce1-3eaf85f2267a"
              ],
              "failures": [],
              "pending": [],
              "skipped": [],
              "duration": 133,
              "root": false,
              "rootEmpty": false,
              "_timeout": 2000
            },
            {
              "uuid": "ef5f998c-d7cc-49a7-ac31-3fdefd4ebc40",
              "title": "20 - Crie um contador com o ID `counter` contendo o número de caracteres disponíveis no textarea, variando de 500 até 0, que deverá ser atualizado a medida que algo for digitado na textarea",
              "fullFile": "",
              "file": "",
              "beforeHooks": [],
              "afterHooks": [],
              "tests": [
                {
                  "title": "Deve existir um contador com o ID \"counter\"",
                  "fullTitle": "Trybewarts 20 - Crie um contador com o ID `counter` contendo o número de caracteres disponíveis no textarea, variando de 500 até 0, que deverá ser atualizado a medida que algo for digitado na textarea Deve existir um contador com o ID \"counter\"",
                  "timedOut": null,
                  "duration": 129,
                  "state": "passed",
                  "speed": "slow",
                  "pass": true,
                  "fail": false,
                  "pending": false,
                  "context": null,
                  "code": "cy.get('#counter').should('exist');",
                  "err": {},
                  "uuid": "9535e607-14a0-401c-b336-04848df6001d",
                  "parentUUID": "ef5f998c-d7cc-49a7-ac31-3fdefd4ebc40",
                  "isHook": false,
                  "skipped": false
                },
                {
                  "title": "O contador de caracteres deve ser atualizado conforme o conteúdo do textarea muda.",
                  "fullTitle": "Trybewarts 20 - Crie um contador com o ID `counter` contendo o número de caracteres disponíveis no textarea, variando de 500 até 0, que deverá ser atualizado a medida que algo for digitado na textarea O contador de caracteres deve ser atualizado conforme o conteúdo do textarea muda.",
                  "timedOut": null,
                  "duration": 772,
                  "state": "passed",
                  "speed": "slow",
                  "pass": true,
                  "fail": false,
                  "pending": false,
                  "context": null,
                  "code": "cy.get('#counter').contains('500');\ncy.get('#textarea').type('Salve salve família');\ncy.get('#counter').contains('481');\ncy.get('#textarea').clear();\ncy.get('#counter').should('contain', '500');\ncy.get('#textarea').type('Salve salve');\ncy.get('#counter').should('contain', '489');",
                  "err": {},
                  "uuid": "d0d274d4-b3e7-406b-8ed4-9abddf46491b",
                  "parentUUID": "ef5f998c-d7cc-49a7-ac31-3fdefd4ebc40",
                  "isHook": false,
                  "skipped": false
                }
              ],
              "suites": [],
              "passes": [
                "9535e607-14a0-401c-b336-04848df6001d",
                "d0d274d4-b3e7-406b-8ed4-9abddf46491b"
              ],
              "failures": [],
              "pending": [],
              "skipped": [],
              "duration": 901,
              "root": false,
              "rootEmpty": false,
              "_timeout": 2000
            },
            {
              "uuid": "47dc4ce6-7c2a-4bdb-b1fc-e2319c1138dd",
              "title": "21 - Faça com que ao clicar no botão `Enviar`, o conteúdo do formulário seja substituído pelas informações preenchidas",
              "fullFile": "",
              "file": "",
              "beforeHooks": [],
              "afterHooks": [],
              "tests": [
                {
                  "title": "Deve haver um texto no modelo \"Nome: John Doe\" (substitua John Doe pelo nome e sobrenome preenchido no formulário)",
                  "fullTitle": "Trybewarts 21 - Faça com que ao clicar no botão `Enviar`, o conteúdo do formulário seja substituído pelas informações preenchidas Deve haver um texto no modelo \"Nome: John Doe\" (substitua John Doe pelo nome e sobrenome preenchido no formulário)",
                  "timedOut": null,
                  "duration": 11041,
                  "state": "failed",
                  "speed": null,
                  "pass": false,
                  "fail": true,
                  "pending": false,
                  "context": null,
                  "code": "cy.get('#evaluation-form').contains(\"Nome: \".concat(firstName, \" \").concat(lastName));",
                  "err": {
                    "message": "AssertionError: Timed out retrying after 10000ms: Expected to find element: `.subject`, but never found it.\n\nBecause this error occurred during a `before each` hook we are skipping the remaining tests in the current suite: `21 - Faça com que ao clicar...`",
                    "estack": "AssertionError: Timed out retrying after 10000ms: Expected to find element: `.subject`, but never found it.\n\nBecause this error occurred during a `before each` hook we are skipping the remaining tests in the current suite: `21 - Faça com que ao clicar...`\n    at fillForm (http://localhost:40245/__cypress/tests?p=cypress/integration/project.spec.js:407:10)\n    at Context.eval (http://localhost:40245/__cypress/tests?p=cypress/integration/project.spec.js:425:7)",
                    "diff": null
                  },
                  "uuid": "8cdba7b1-9038-4e72-9d75-011420a5d4bb",
                  "parentUUID": "47dc4ce6-7c2a-4bdb-b1fc-e2319c1138dd",
                  "isHook": false,
                  "skipped": false
                },
                {
                  "title": "Deve haver um texto no modelo \"Email: alguem@email.com\"",
                  "fullTitle": "Trybewarts 21 - Faça com que ao clicar no botão `Enviar`, o conteúdo do formulário seja substituído pelas informações preenchidas Deve haver um texto no modelo \"Email: alguem@email.com\"",
                  "timedOut": null,
                  "duration": 0,
                  "state": "skipped",
                  "speed": null,
                  "pass": false,
                  "fail": false,
                  "pending": false,
                  "context": null,
                  "code": "cy.get('#evaluation-form').contains(\"Email: \".concat(email));",
                  "err": {},
                  "uuid": "e94dec4c-e8c9-439a-8a07-ea00b98fa1e8",
                  "parentUUID": "47dc4ce6-7c2a-4bdb-b1fc-e2319c1138dd",
                  "isHook": false,
                  "skipped": true
                },
                {
                  "title": "Deve haver um texto no modelo \"Casa: -Casa marcada-\"",
                  "fullTitle": "Trybewarts 21 - Faça com que ao clicar no botão `Enviar`, o conteúdo do formulário seja substituído pelas informações preenchidas Deve haver um texto no modelo \"Casa: -Casa marcada-\"",
                  "timedOut": null,
                  "duration": 0,
                  "state": "skipped",
                  "speed": null,
                  "pass": false,
                  "fail": false,
                  "pending": false,
                  "context": null,
                  "code": "cy.get('#evaluation-form').contains(\"Casa: \".concat(house));",
                  "err": {},
                  "uuid": "32ee625c-a534-4c64-8dd8-2ad2251ab49b",
                  "parentUUID": "47dc4ce6-7c2a-4bdb-b1fc-e2319c1138dd",
                  "isHook": false,
                  "skipped": true
                },
                {
                  "title": "Deve haver um texto no modelo \"Família: -Família marcada-\"",
                  "fullTitle": "Trybewarts 21 - Faça com que ao clicar no botão `Enviar`, o conteúdo do formulário seja substituído pelas informações preenchidas Deve haver um texto no modelo \"Família: -Família marcada-\"",
                  "timedOut": null,
                  "duration": 0,
                  "state": "skipped",
                  "speed": null,
                  "pass": false,
                  "fail": false,
                  "pending": false,
                  "context": null,
                  "code": "cy.get('#evaluation-form').contains(\"Fam\\xEDlia: \".concat(family));",
                  "err": {},
                  "uuid": "e464de89-55c7-4d69-a746-fb223a8dd097",
                  "parentUUID": "47dc4ce6-7c2a-4bdb-b1fc-e2319c1138dd",
                  "isHook": false,
                  "skipped": true
                },
                {
                  "title": "Deve haver um texto no modelo \"Matérias: -Matérias marcadas-\"",
                  "fullTitle": "Trybewarts 21 - Faça com que ao clicar no botão `Enviar`, o conteúdo do formulário seja substituído pelas informações preenchidas Deve haver um texto no modelo \"Matérias: -Matérias marcadas-\"",
                  "timedOut": null,
                  "duration": 0,
                  "state": "skipped",
                  "speed": null,
                  "pass": false,
                  "fail": false,
                  "pending": false,
                  "context": null,
                  "code": "cy.get('#evaluation-form').contains('Matérias: Jest, React, SQL');",
                  "err": {},
                  "uuid": "a1ca1ee8-d29e-40ae-a9a5-7f39fdf57c76",
                  "parentUUID": "47dc4ce6-7c2a-4bdb-b1fc-e2319c1138dd",
                  "isHook": false,
                  "skipped": true
                },
                {
                  "title": "Deve haver um texto no modelo \"Avaliação: -Nota marcada-\"",
                  "fullTitle": "Trybewarts 21 - Faça com que ao clicar no botão `Enviar`, o conteúdo do formulário seja substituído pelas informações preenchidas Deve haver um texto no modelo \"Avaliação: -Nota marcada-\"",
                  "timedOut": null,
                  "duration": 0,
                  "state": "skipped",
                  "speed": null,
                  "pass": false,
                  "fail": false,
                  "pending": false,
                  "context": null,
                  "code": "cy.get('#evaluation-form').contains(\"Avalia\\xE7\\xE3o: \".concat(rate));",
                  "err": {},
                  "uuid": "a92186ad-bb84-40e0-b252-645b314b6100",
                  "parentUUID": "47dc4ce6-7c2a-4bdb-b1fc-e2319c1138dd",
                  "isHook": false,
                  "skipped": true
                },
                {
                  "title": "Deve haver um texto no modelo \"Observações: -Texto preenchido-\"",
                  "fullTitle": "Trybewarts 21 - Faça com que ao clicar no botão `Enviar`, o conteúdo do formulário seja substituído pelas informações preenchidas Deve haver um texto no modelo \"Observações: -Texto preenchido-\"",
                  "timedOut": null,
                  "duration": 0,
                  "state": "skipped",
                  "speed": null,
                  "pass": false,
                  "fail": false,
                  "pending": false,
                  "context": null,
                  "code": "cy.get('#evaluation-form').contains(\"Observa\\xE7\\xF5es: \".concat(observation));",
                  "err": {},
                  "uuid": "1e8960d5-59b9-44ef-a575-7ae4e22a2bbc",
                  "parentUUID": "47dc4ce6-7c2a-4bdb-b1fc-e2319c1138dd",
                  "isHook": false,
                  "skipped": true
                }
              ],
              "suites": [],
              "passes": [],
              "failures": [
                "8cdba7b1-9038-4e72-9d75-011420a5d4bb"
              ],
              "pending": [],
              "skipped": [
                "e94dec4c-e8c9-439a-8a07-ea00b98fa1e8",
                "32ee625c-a534-4c64-8dd8-2ad2251ab49b",
                "e464de89-55c7-4d69-a746-fb223a8dd097",
                "a1ca1ee8-d29e-40ae-a9a5-7f39fdf57c76",
                "a92186ad-bb84-40e0-b252-645b314b6100",
                "1e8960d5-59b9-44ef-a575-7ae4e22a2bbc"
              ],
              "duration": 11041,
              "root": false,
              "rootEmpty": false,
              "_timeout": 2000
            }
          ],
          "passes": [],
          "failures": [],
          "pending": [],
          "skipped": [],
          "duration": 0,
          "root": false,
          "rootEmpty": false,
          "_timeout": 2000
        }
      ],
      "passes": [],
      "failures": [],
      "pending": [],
      "skipped": [],
      "duration": 0,
      "root": true,
      "rootEmpty": true,
      "_timeout": 2000
    }
  ],
  "meta": {
    "mocha": {
      "version": "7.0.1"
    },
    "mochawesome": {
      "options": {
        "quiet": false,
        "reportFilename": "mochawesome",
        "saveHtml": false,
        "saveJson": true,
        "consoleReporter": "spec",
        "useInlineDiffs": false,
        "code": true
      },
      "version": "6.2.2"
    },
    "marge": {
      "options": {
        "id": "default",
        "reportDir": "cypress/reports",
        "overwrite": false,
        "html": false,
        "json": true
      },
      "version": "5.2.0"
    }
  }
}